Initialising cipher: rc4-md5
Running in local mode.
Listen UDP socket state changed to QAbstractSocket::BoundState
TCP server listening at 127.0.0.1:1080
Connecting android.clients.google.com:443 from 127.0.0.1:42128
Connecting clients1.google.com:443 from 127.0.0.1:42138
Connecting mtalk.google.com:443 from 127.0.0.1:42146
Connecting github.com:443 from 127.0.0.1:42156
Connecting github.com:443 from 127.0.0.1:42158
Connecting avatars1.githubusercontent.com:443 from 127.0.0.1:42164
Connecting customer-stories-feed.github.com:443 from 127.0.0.1:42176
Connecting customer-stories-feed.github.com:443 from 127.0.0.1:42180
Connecting customer-stories-feed.github.com:443 from 127.0.0.1:42184
Connecting customer-stories-feed.github.com:443 from 127.0.0.1:42188
Connecting customer-stories-feed.github.com:443 from 127.0.0.1:42190
Connecting customer-stories-feed.github.com:443 from 127.0.0.1:42192
Local socket: The remote host closed the connection
Local socket: The remote host closed the connection
Local socket: The remote host closed the connection
Local socket: The remote host closed the connection
Connecting clients2.google.com:443 from 127.0.0.1:42202
Connecting clients2.googleusercontent.com:443 from 127.0.0.1:42206
Connecting www.gstatic.com:443 from 127.0.0.1:42210
Connecting www.googleapis.com:443 from 127.0.0.1:42218
Connecting api.github.com:443 from 127.0.0.1:42226
Connecting github.com:443 from 127.0.0.1:42230
Local socket: The remote host closed the connection
Connecting lh5.googleusercontent.com:443 from 127.0.0.1:42234
Connecting clients4.google.com:443 from 127.0.0.1:42242
Connecting clients4.google.com:443 from 127.0.0.1:42244
Local socket: The remote host closed the connection
Connecting accounts.google.com:443 from 127.0.0.1:42252
Connecting avatars3.githubusercontent.com:443 from 127.0.0.1:42258
Local socket: The remote host closed the connection
Connecting github.com:443 from 127.0.0.1:42266
Connecting github.com:443 from 127.0.0.1:42268
Connecting avatars2.githubusercontent.com:443 from 127.0.0.1:42274
Connecting live.github.com:443 from 127.0.0.1:42290
Local socket: The remote host closed the connection
Local socket: The remote host closed the connection
Connecting update.googleapis.com:443 from 127.0.0.1:42310
Connecting www.gstatic.com:443 from 127.0.0.1:42334
Remote socket: The remote host closed the connection
Connecting raw.githubusercontent.com:443 from 127.0.0.1:42480
Remote socket: The remote host closed the connection
Remote socket: The remote host closed the connection
Connecting safebrowsing.googleapis.com:443 from 127.0.0.1:42512
Remote socket: The remote host closed the connection
Remote socket: The remote host closed the connection
Remote socket: The remote host closed the connection
Remote socket: The remote host closed the connection
Remote socket: The remote host closed the connection
Remote socket: The remote host closed the connection
Remote socket: The remote host closed the connection
Connecting clients2.google.com:443 from 127.0.0.1:42516
Remote socket: The remote host closed the connection
Remote socket: The remote host closed the connection
Remote socket: The remote host closed the connection
Connecting update.googleapis.com:443 from 127.0.0.1:42520
Connecting storage.googleapis.com:80 from 127.0.0.1:42524
Connecting redirector.gvt1.com:80 from 127.0.0.1:42528
Connecting r5---sn-i3beln7r.gvt1.com:80 from 127.0.0.1:42532
Connecting r4---sn-i3belnel.gvt1.com:80 from 127.0.0.1:42536
Remote socket: The remote host closed the connection
Connecting r1---sn-i3belne6.gvt1.com:80 from 127.0.0.1:42540
Remote socket: The remote host closed the connection
Remote socket: The remote host closed the connection
Remote socket: The remote host closed the connection
Local socket: The remote host closed the connection
Local socket: The remote host closed the connection
Local socket: The remote host closed the connection
Local socket: The remote host closed the connection
Connecting www.google.com:443 from 127.0.0.1:42544
Connecting www.google.com:443 from 127.0.0.1:42546
Connecting www.google.com:443 from 127.0.0.1:42548
Connecting lh3.googleusercontent.com:443 from 127.0.0.1:42556
Connecting www.gstatic.com:443 from 127.0.0.1:42560
Connecting apis.google.com:443 from 127.0.0.1:42564
Connecting clients5.google.com:443 from 127.0.0.1:42568
Connecting accounts.google.com:443 from 127.0.0.1:42572
Remote socket: The remote host closed the connection
Connecting id.google.com:443 from 127.0.0.1:42578
Connecting encrypted-tbn0.gstatic.com:443 from 127.0.0.1:42582
Connecting www.googleapis.com:443 from 127.0.0.1:42586
Connecting android.clients.google.com:443 from 127.0.0.1:42606
Connecting clients1.google.com:443 from 127.0.0.1:42622
Remote socket: The remote host closed the connection
Connecting ssl.gstatic.com:443 from 127.0.0.1:42638
Remote socket: The remote host closed the connection
Remote socket: The remote host closed the connection
Remote socket: The remote host closed the connection
TCP connection timeout.
TCP connection timeout.
TCP connection timeout.
TCP connection timeout.
TCP connection timeout.
TCP connection timeout.
Remote socket: The remote host closed the connection
TCP connection timeout.
TCP connection timeout.
TCP connection timeout.
TCP connection timeout.
TCP connection timeout.
TCP connection timeout.
TCP connection timeout.
Local socket: The remote host closed the connection
Connecting ssl.gstatic.com:443 from 127.0.0.1:42764
Remote socket: The remote host closed the connection
Remote socket: The remote host closed the connection
Local socket: The remote host closed the connection
Remote socket: The remote host closed the connection
Remote socket: The remote host closed the connection
TCP connection timeout.
TCP connection timeout.
TCP connection timeout.
TCP connection timeout.
Remote socket: The remote host closed the connection
Local socket: The remote host closed the connection
Remote socket: The remote host closed the connection
Local socket: The remote host closed the connection
Connecting ssl.gstatic.com:443 from 127.0.0.1:42768
Connecting lh3.googleusercontent.com:443 from 127.0.0.1:42770
Connecting www.gstatic.com:443 from 127.0.0.1:42774
Connecting apis.google.com:443 from 127.0.0.1:42776
TCP connection timeout.
TCP connection timeout.
TCP connection timeout.
TCP connection timeout.
TCP connection timeout.
TCP connection timeout.
TCP connection timeout.
TCP connection timeout.
Remote socket: The remote host closed the connection
TCP connection timeout.
TCP connection timeout.
Remote socket: The remote host closed the connection
TCP connection timeout.
TCP connection timeout.
TCP connection timeout.
TCP connection timeout.
TCP connection timeout.
TCP connection timeout.
Remote socket: The remote host closed the connection
Remote socket: The remote host closed the connection
Remote socket: The remote host closed the connection
Remote socket: The remote host closed the connection
Remote socket: The remote host closed the connection
Remote socket: The remote host closed the connection
Local socket: The remote host closed the connection
TCP connection timeout.
TCP connection timeout.
TCP connection timeout.
TCP connection timeout.
TCP connection timeout.
TCP connection timeout.
TCP connection timeout.
TCP connection timeout.
TCP connection timeout.
TCP connection timeout.
TCP connection timeout.
TCP connection timeout.
TCP connection timeout.
TCP connection timeout.
TCP connection timeout.
TCP connection timeout.
TCP connection timeout.
TCP connection timeout.
TCP connection timeout.
TCP connection timeout.
TCP connection timeout.
TCP connection timeout.
TCP connection timeout.
TCP connection timeout.
TCP connection timeout.
TCP connection timeout.
TCP connection timeout.
TCP connection timeout.
TCP connection timeout.
TCP connection timeout.
Connecting clients4.google.com:443 from 127.0.0.1:42852
Remote socket: The remote host closed the connection
Connecting mtalk.google.com:5228 from 127.0.0.1:42860
TCP connection timeout.
TCP connection timeout.
TCP connection timeout.
TCP connection timeout.
TCP connection timeout.
TCP connection timeout.
TCP connection timeout.
TCP connection timeout.
TCP connection timeout.
TCP connection timeout.
TCP connection timeout.
TCP connection timeout.
TCP connection timeout.
TCP connection timeout.
TCP connection timeout.
TCP connection timeout.
TCP connection timeout.
TCP connection timeout.
TCP connection timeout.
Connecting github.com:443 from 127.0.0.1:42870
Connecting clients1.google.com:443 from 127.0.0.1:42874
Connecting github.com:443 from 127.0.0.1:42878
Connecting avatars1.githubusercontent.com:443 from 127.0.0.1:42882
TCP connection timeout.
TCP connection timeout.
TCP connection timeout.
TCP connection timeout.
TCP connection timeout.
Local socket: The remote host closed the connection
Connecting github.com:443 from 127.0.0.1:42886
Local socket: The remote host closed the connection
Connecting safebrowsing.googleapis.com:443 from 127.0.0.1:42890
Connecting github.com:443 from 127.0.0.1:42894
Connecting github.com:443 from 127.0.0.1:42898
Connecting api.github.com:443 from 127.0.0.1:42908
Connecting live.github.com:443 from 127.0.0.1:42912
Connecting avatars2.githubusercontent.com:443 from 127.0.0.1:42918
Remote socket: The remote host closed the connection
TCP connection timeout.
Connecting clients4.google.com:443 from 127.0.0.1:42922
Remote socket: The remote host closed the connection
Remote socket: The remote host closed the connection
TCP connection timeout.
TCP connection timeout.
Remote socket: The remote host closed the connection
Remote socket: The remote host closed the connection
Remote socket: The remote host closed the connection
Connecting mongodb.github.io:80 from 127.0.0.1:42948
Connecting mongodb.github.io:80 from 127.0.0.1:42952
Connecting mongodb.github.io:80 from 127.0.0.1:42956
Connecting mongodb.github.io:80 from 127.0.0.1:42958
Connecting mongodb.github.io:80 from 127.0.0.1:42964
Connecting mongodb.github.io:80 from 127.0.0.1:42968
Connecting fonts.googleapis.com:443 from 127.0.0.1:42976
Connecting fonts.gstatic.com:443 from 127.0.0.1:42980
Connecting www.google.com:443 from 127.0.0.1:42992
Connecting ssl.gstatic.com:443 from 127.0.0.1:42996
Connecting www.google.com:443 from 127.0.0.1:42998
Connecting www.gstatic.com:443 from 127.0.0.1:43002
Connecting lh3.googleusercontent.com:443 from 127.0.0.1:43000
TCP connection timeout.
TCP connection timeout.
Local socket: The remote host closed the connection
Local socket: The remote host closed the connection
Local socket: The remote host closed the connection
Local socket: The remote host closed the connection
Connecting s3.amazonaws.com:443 from 127.0.0.1:43022
Connecting s3.amazonaws.com:443 from 127.0.0.1:43034
Connecting s3.amazonaws.com:443 from 127.0.0.1:43036
Connecting s3.amazonaws.com:443 from 127.0.0.1:43038
Connecting s3.amazonaws.com:443 from 127.0.0.1:43042
Connecting s3.amazonaws.com:443 from 127.0.0.1:43040
Remote socket: The remote host closed the connection
Remote socket: The remote host closed the connection
Remote socket: The remote host closed the connection
Remote socket: The remote host closed the connection
Remote socket: The remote host closed the connection
Remote socket: The remote host closed the connection
Connecting clientservices.googleapis.com:443 from 127.0.0.1:43066
TCP connection timeout.
TCP connection timeout.
TCP connection timeout.
TCP connection timeout.
TCP connection timeout.
TCP connection timeout.
TCP connection timeout.
TCP connection timeout.
TCP connection timeout.
TCP connection timeout.
TCP connection timeout.
TCP connection timeout.
TCP connection timeout.
TCP connection timeout.
Remote socket: The remote host closed the connection
Connecting github.com:443 from 127.0.0.1:43084
Connecting github.com:443 from 127.0.0.1:43088
Connecting github.com:443 from 127.0.0.1:43092
Connecting api.github.com:443 from 127.0.0.1:43098
Connecting live.github.com:443 from 127.0.0.1:43104
Local socket: The remote host closed the connection
Connecting avatars3.githubusercontent.com:443 from 127.0.0.1:43108
Connecting github.com:443 from 127.0.0.1:43112
Connecting github.com:443 from 127.0.0.1:43114
Connecting github.com:443 from 127.0.0.1:43118
Connecting avatars0.githubusercontent.com:443 from 127.0.0.1:43124
Connecting avatars0.githubusercontent.com:443 from 127.0.0.1:43128
Connecting avatars0.githubusercontent.com:443 from 127.0.0.1:43130
TCP connection timeout.
TCP connection timeout.
TCP connection timeout.
TCP connection timeout.
TCP connection timeout.
TCP connection timeout.
TCP connection timeout.
Connecting neyzoter.github.io:443 from 127.0.0.1:43136
Connecting neyzoter.github.io:443 from 127.0.0.1:43138
TCP connection timeout.
TCP connection timeout.
TCP connection timeout.
Connecting safebrowsing.googleapis.com:443 from 127.0.0.1:43156
TCP connection timeout.
TCP connection timeout.
TCP connection timeout.
Local socket: The remote host closed the connection
Local socket: The remote host closed the connection
Remote socket: The remote host closed the connection
Remote socket: The remote host closed the connection
Remote socket: The remote host closed the connection
Remote socket: The remote host closed the connection
Remote socket: The remote host closed the connection
Remote socket: The remote host closed the connection
Connecting github.com:443 from 127.0.0.1:43160
Connecting github.com:443 from 127.0.0.1:43164
Connecting live.github.com:443 from 127.0.0.1:43168
Remote socket: The remote host closed the connection
Local socket: The remote host closed the connection
Local socket: The remote host closed the connection
TCP connection timeout.
Remote socket: The remote host closed the connection
Remote socket: The remote host closed the connection
Remote socket: The remote host closed the connection
Remote socket: The remote host closed the connection
TCP connection timeout.
TCP connection timeout.
TCP connection timeout.
TCP connection timeout.
TCP connection timeout.
TCP connection timeout.
TCP connection timeout.
TCP connection timeout.
TCP connection timeout.
TCP connection timeout.
TCP connection timeout.
TCP connection timeout.
Remote socket: The remote host closed the connection
TCP connection timeout.
TCP connection timeout.
TCP connection timeout.
TCP connection timeout.
TCP connection timeout.
TCP connection timeout.
TCP connection timeout.
Local socket: The remote host closed the connection
TCP connection timeout.
TCP connection timeout.
TCP connection timeout.
TCP connection timeout.
TCP connection timeout.
Remote socket: The remote host closed the connection
TCP connection timeout.
TCP connection timeout.
TCP connection timeout.
TCP connection timeout.
TCP connection timeout.
TCP connection timeout.
TCP connection timeout.
TCP connection timeout.
TCP connection timeout.
TCP connection timeout.
TCP connection timeout.
TCP connection timeout.
TCP connection timeout.
TCP connection timeout.
TCP connection timeout.
Remote socket: The remote host closed the connection
Remote socket: The remote host closed the connection
Remote socket: The remote host closed the connection
Remote socket: The remote host closed the connection
Remote socket: The remote host closed the connection
TCP connection timeout.
TCP connection timeout.
TCP connection timeout.
TCP connection timeout.
TCP connection timeout.
Remote socket: The remote host closed the connection
TCP connection timeout.
TCP connection timeout.
TCP connection timeout.
TCP connection timeout.
TCP connection timeout.
TCP connection timeout.
TCP connection timeout.
TCP connection timeout.
TCP connection timeout.
TCP connection timeout.
TCP connection timeout.
TCP connection timeout.
TCP connection timeout.
TCP connection timeout.
TCP connection timeout.
TCP connection timeout.
TCP connection timeout.
TCP connection timeout.
TCP connection timeout.
TCP connection timeout.
TCP connection timeout.
TCP connection timeout.
TCP connection timeout.
TCP connection timeout.
TCP connection timeout.
TCP connection timeout.
TCP connection timeout.
TCP connection timeout.
TCP connection timeout.
TCP connection timeout.
TCP connection timeout.
TCP connection timeout.
TCP connection timeout.
TCP connection timeout.
TCP connection timeout.
TCP connection timeout.
TCP connection timeout.
TCP connection timeout.
TCP connection timeout.
TCP connection timeout.
TCP connection timeout.
TCP connection timeout.
TCP connection timeout.
TCP connection timeout.
TCP connection timeout.
TCP connection timeout.
TCP connection timeout.
TCP connection timeout.
TCP connection timeout.
Remote socket: The remote host closed the connection
TCP connection timeout.
TCP connection timeout.
TCP connection timeout.
TCP connection timeout.
Remote socket: The remote host closed the connection
TCP connection timeout.
TCP connection timeout.
TCP connection timeout.
TCP connection timeout.
TCP connection timeout.
TCP connection timeout.
TCP connection timeout.
TCP connection timeout.
TCP connection timeout.
TCP connection timeout.
TCP connection timeout.
TCP connection timeout.
TCP connection timeout.
TCP connection timeout.
TCP connection timeout.
TCP connection timeout.
TCP connection timeout.
TCP connection timeout.
TCP connection timeout.
TCP connection timeout.
TCP connection timeout.
TCP connection timeout.
TCP connection timeout.
TCP connection timeout.
TCP connection timeout.
TCP connection timeout.
TCP connection timeout.
TCP connection timeout.
TCP connection timeout.
TCP connection timeout.
TCP connection timeout.
TCP connection timeout.
TCP connection timeout.
TCP connection timeout.
TCP connection timeout.
TCP connection timeout.
TCP connection timeout.
TCP connection timeout.
TCP connection timeout.
TCP connection timeout.
Connecting github.com:443 from 127.0.0.1:43190
TCP connection timeout.
TCP connection timeout.
TCP connection timeout.
TCP connection timeout.
TCP connection timeout.
TCP connection timeout.
TCP connection timeout.
Remote socket: The remote host closed the connection
TCP connection timeout.
TCP connection timeout.
TCP connection timeout.
TCP connection timeout.
TCP connection timeout.
TCP connection timeout.
TCP connection timeout.
TCP connection timeout.
TCP connection timeout.
TCP connection timeout.
TCP connection timeout.
TCP connection timeout.
TCP connection timeout.
TCP connection timeout.
TCP connection timeout.
TCP connection timeout.
TCP connection timeout.
TCP connection timeout.
TCP connection timeout.
TCP connection timeout.
TCP connection timeout.
TCP connection timeout.
TCP connection timeout.
TCP connection timeout.
TCP connection timeout.
TCP connection timeout.
TCP connection timeout.
TCP connection timeout.
TCP connection timeout.
TCP connection timeout.
TCP connection timeout.
TCP connection timeout.
TCP connection timeout.
TCP connection timeout.
TCP connection timeout.
TCP connection timeout.
TCP connection timeout.
TCP connection timeout.
TCP connection timeout.
TCP connection timeout.
TCP connection timeout.
TCP connection timeout.
TCP connection timeout.
TCP connection timeout.
TCP connection timeout.
TCP connection timeout.
TCP connection timeout.
TCP connection timeout.
TCP connection timeout.
TCP connection timeout.
TCP connection timeout.
TCP connection timeout.
TCP connection timeout.
TCP connection timeout.
TCP connection timeout.
TCP connection timeout.
TCP connection timeout.
TCP connection timeout.
TCP connection timeout.
TCP connection timeout.
TCP connection timeout.
Remote socket: The remote host closed the connection
TCP connection timeout.
TCP connection timeout.
TCP connection timeout.
TCP connection timeout.
TCP connection timeout.
TCP connection timeout.
TCP connection timeout.
TCP connection timeout.
TCP connection timeout.
TCP connection timeout.
TCP connection timeout.
TCP connection timeout.
TCP connection timeout.
TCP connection timeout.
TCP connection timeout.
Connecting github.com:443 from 127.0.0.1:43194
Connecting avatars1.githubusercontent.com:443 from 127.0.0.1:43198
TCP connection timeout.
Local socket: The remote host closed the connection
TCP connection timeout.
Connecting clients4.google.com:443 from 127.0.0.1:43202
TCP connection timeout.
TCP connection timeout.
TCP connection timeout.
TCP connection timeout.
TCP connection timeout.
Connecting www.google.com:443 from 127.0.0.1:43206
Connecting ssl.gstatic.com:443 from 127.0.0.1:43208
Connecting www.google.com:443 from 127.0.0.1:43214
Connecting lh3.googleusercontent.com:443 from 127.0.0.1:43216
Connecting www.gstatic.com:443 from 127.0.0.1:43222
TCP connection timeout.
Connecting www.google.com.hk:443 from 127.0.0.1:43226
Connecting www.google.com.hk:443 from 127.0.0.1:43230
Connecting clients1.google.com:443 from 127.0.0.1:43234
Connecting apis.google.com:443 from 127.0.0.1:43238
Connecting fonts.googleapis.com:443 from 127.0.0.1:43242
Connecting fonts.gstatic.com:443 from 127.0.0.1:43246
Remote socket: The remote host closed the connection
Remote socket: The remote host closed the connection
TCP connection timeout.
TCP connection timeout.
TCP connection timeout.
TCP connection timeout.
TCP connection timeout.
TCP connection timeout.
TCP connection timeout.
TCP connection timeout.
TCP connection timeout.
TCP connection timeout.
TCP connection timeout.
TCP connection timeout.
TCP connection timeout.
TCP connection timeout.
TCP connection timeout.
TCP connection timeout.
TCP connection timeout.
TCP connection timeout.
TCP connection timeout.
TCP connection timeout.
TCP connection timeout.
TCP connection timeout.
TCP connection timeout.
TCP connection timeout.
TCP connection timeout.
TCP connection timeout.
TCP connection timeout.
TCP connection timeout.
TCP connection timeout.
TCP connection timeout.
TCP connection timeout.
TCP connection timeout.
TCP connection timeout.
TCP connection timeout.
TCP connection timeout.
TCP connection timeout.
TCP connection timeout.
Remote socket: The remote host closed the connection
Connecting mtalk.google.com:5228 from 127.0.0.1:43252
TCP connection timeout.
Connecting clientservices.googleapis.com:443 from 127.0.0.1:43256
Remote socket: The remote host closed the connection
Remote socket: The remote host closed the connection
TCP connection timeout.
Remote socket: The remote host closed the connection
Connecting ssl.gstatic.com:443 from 127.0.0.1:43260
Connecting ssl.gstatic.com:443 from 127.0.0.1:43264
Local socket: The remote host closed the connection
Remote socket: The remote host closed the connection
Remote socket: The remote host closed the connection
Remote socket: The remote host closed the connection
Remote socket: The remote host closed the connection
Remote socket: The remote host closed the connection
Remote socket: The remote host closed the connection
Remote socket: The remote host closed the connection
Remote socket: The remote host closed the connection
TCP connection timeout.
TCP connection timeout.
TCP connection timeout.
TCP connection timeout.
TCP connection timeout.
TCP connection timeout.
TCP connection timeout.
TCP connection timeout.
TCP connection timeout.
TCP connection timeout.
TCP connection timeout.
TCP connection timeout.
TCP connection timeout.
TCP connection timeout.
TCP connection timeout.
TCP connection timeout.
TCP connection timeout.
TCP connection timeout.
TCP connection timeout.
TCP connection timeout.
TCP connection timeout.
TCP connection timeout.
TCP connection timeout.
TCP connection timeout.
TCP connection timeout.
TCP connection timeout.
TCP connection timeout.
TCP connection timeout.
TCP connection timeout.
TCP connection timeout.
TCP connection timeout.
TCP connection timeout.
TCP connection timeout.
TCP connection timeout.
Connecting safebrowsing.googleapis.com:443 from 127.0.0.1:43268
TCP connection timeout.
TCP connection timeout.
TCP connection timeout.
TCP connection timeout.
TCP connection timeout.
TCP connection timeout.
TCP connection timeout.
TCP connection timeout.
TCP connection timeout.
TCP connection timeout.
TCP connection timeout.
TCP connection timeout.
TCP connection timeout.
TCP connection timeout.
TCP connection timeout.
TCP connection timeout.
Remote socket: The remote host closed the connection
TCP connection timeout.
Remote socket: The remote host closed the connection
Local socket: The remote host closed the connection
Connecting clients4.google.com:443 from 127.0.0.1:43272
TCP connection timeout.
TCP connection timeout.
TCP connection timeout.
TCP connection timeout.
TCP connection timeout.
TCP connection timeout.
TCP connection timeout.
TCP connection timeout.
TCP connection timeout.
TCP connection timeout.
TCP connection timeout.
TCP connection timeout.
TCP connection timeout.
TCP connection timeout.
TCP connection timeout.
TCP connection timeout.
TCP connection timeout.
TCP connection timeout.
TCP connection timeout.
TCP connection timeout.
TCP connection timeout.
TCP connection timeout.
Remote socket: The remote host closed the connection
TCP connection timeout.
TCP connection timeout.
TCP connection timeout.
TCP connection timeout.
TCP connection timeout.
TCP connection timeout.
TCP connection timeout.
TCP connection timeout.
TCP connection timeout.
TCP connection timeout.
TCP connection timeout.
TCP connection timeout.
TCP connection timeout.
TCP connection timeout.
TCP connection timeout.
TCP connection timeout.
TCP connection timeout.
TCP connection timeout.
TCP connection timeout.
TCP connection timeout.
TCP connection timeout.
TCP connection timeout.
TCP connection timeout.
TCP connection timeout.
TCP connection timeout.
TCP connection timeout.
TCP connection timeout.
TCP connection timeout.
TCP connection timeout.
TCP connection timeout.
TCP connection timeout.
TCP connection timeout.
TCP connection timeout.
TCP connection timeout.
TCP connection timeout.
TCP connection timeout.
TCP connection timeout.
TCP connection timeout.
Remote socket: The remote host closed the connection
Connecting mtalk.google.com:5228 from 127.0.0.1:43276
TCP connection timeout.
TCP connection timeout.
TCP connection timeout.
TCP connection timeout.
TCP connection timeout.
TCP connection timeout.
TCP connection timeout.
Remote socket: The remote host closed the connection
TCP connection timeout.
TCP connection timeout.
TCP connection timeout.
TCP connection timeout.
TCP connection timeout.
TCP connection timeout.
TCP connection timeout.
TCP connection timeout.
TCP connection timeout.
TCP connection timeout.
TCP connection timeout.
TCP connection timeout.
TCP connection timeout.
TCP connection timeout.
TCP connection timeout.
TCP connection timeout.
TCP connection timeout.
TCP connection timeout.
TCP connection timeout.
TCP connection timeout.
TCP connection timeout.
TCP connection timeout.
TCP connection timeout.
TCP connection timeout.
TCP connection timeout.
TCP connection timeout.
TCP connection timeout.
TCP connection timeout.
TCP connection timeout.
TCP connection timeout.
TCP connection timeout.
TCP connection timeout.
TCP connection timeout.
TCP connection timeout.
TCP connection timeout.
TCP connection timeout.
TCP connection timeout.
TCP connection timeout.
TCP connection timeout.
TCP connection timeout.
TCP connection timeout.
TCP connection timeout.
TCP connection timeout.
TCP connection timeout.
TCP connection timeout.
TCP connection timeout.
TCP connection timeout.
TCP connection timeout.
TCP connection timeout.
TCP connection timeout.
TCP connection timeout.
TCP connection timeout.
TCP connection timeout.
Connecting clients4.google.com:443 from 127.0.0.1:43280
TCP connection timeout.
TCP connection timeout.
TCP connection timeout.
TCP connection timeout.
TCP connection timeout.
TCP connection timeout.
TCP connection timeout.
TCP connection timeout.
TCP connection timeout.
TCP connection timeout.
TCP connection timeout.
TCP connection timeout.
TCP connection timeout.
TCP connection timeout.
TCP connection timeout.
TCP connection timeout.
TCP connection timeout.
TCP connection timeout.
TCP connection timeout.
TCP connection timeout.
TCP connection timeout.
TCP connection timeout.
TCP connection timeout.
TCP connection timeout.
TCP connection timeout.
TCP connection timeout.
TCP connection timeout.
TCP connection timeout.
TCP connection timeout.
TCP connection timeout.
TCP connection timeout.
TCP connection timeout.
TCP connection timeout.
TCP connection timeout.
TCP connection timeout.
TCP connection timeout.
TCP connection timeout.
TCP connection timeout.
TCP connection timeout.
TCP connection timeout.
TCP connection timeout.
Remote socket: The remote host closed the connection
TCP connection timeout.
TCP connection timeout.
TCP connection timeout.
TCP connection timeout.
TCP connection timeout.
TCP connection timeout.
TCP connection timeout.
TCP connection timeout.
TCP connection timeout.
TCP connection timeout.
TCP connection timeout.
TCP connection timeout.
TCP connection timeout.
TCP connection timeout.
TCP connection timeout.
TCP connection timeout.
TCP connection timeout.
TCP connection timeout.
TCP connection timeout.
TCP connection timeout.
TCP connection timeout.
TCP connection timeout.
TCP connection timeout.
TCP connection timeout.
TCP connection timeout.
TCP connection timeout.
TCP connection timeout.
TCP connection timeout.
TCP connection timeout.
TCP connection timeout.
TCP connection timeout.
Connecting mtalk.google.com:5228 from 127.0.0.1:43284
TCP connection timeout.
TCP connection timeout.
TCP connection timeout.
TCP connection timeout.
TCP connection timeout.
TCP connection timeout.
TCP connection timeout.
TCP connection timeout.
TCP connection timeout.
TCP connection timeout.
TCP connection timeout.
TCP connection timeout.
TCP connection timeout.
TCP connection timeout.
TCP connection timeout.
TCP connection timeout.
TCP connection timeout.
TCP connection timeout.
TCP connection timeout.
TCP connection timeout.
TCP connection timeout.
TCP connection timeout.
TCP connection timeout.
TCP connection timeout.
TCP connection timeout.
TCP connection timeout.
TCP connection timeout.
TCP connection timeout.
TCP connection timeout.
TCP connection timeout.
TCP connection timeout.
TCP connection timeout.
TCP connection timeout.
TCP connection timeout.
TCP connection timeout.
TCP connection timeout.
TCP connection timeout.
TCP connection timeout.
TCP connection timeout.
TCP connection timeout.
TCP connection timeout.
TCP connection timeout.
TCP connection timeout.
TCP connection timeout.
TCP connection timeout.
TCP connection timeout.
TCP connection timeout.
TCP connection timeout.
TCP connection timeout.
TCP connection timeout.
TCP connection timeout.
TCP connection timeout.
TCP connection timeout.
TCP connection timeout.
TCP connection timeout.
TCP connection timeout.
TCP connection timeout.
TCP connection timeout.
TCP connection timeout.
TCP connection timeout.
TCP connection timeout.
TCP connection timeout.
TCP connection timeout.
TCP connection timeout.
TCP connection timeout.
TCP connection timeout.
TCP connection timeout.
TCP connection timeout.
TCP connection timeout.
TCP connection timeout.
TCP connection timeout.
TCP connection timeout.
TCP connection timeout.
TCP connection timeout.
Connecting clients4.google.com:443 from 127.0.0.1:43288
TCP connection timeout.
TCP connection timeout.
TCP connection timeout.
TCP connection timeout.
TCP connection timeout.
TCP connection timeout.
TCP connection timeout.
TCP connection timeout.
TCP connection timeout.
TCP connection timeout.
TCP connection timeout.
TCP connection timeout.
TCP connection timeout.
TCP connection timeout.
TCP connection timeout.
TCP connection timeout.
TCP connection timeout.
TCP connection timeout.
TCP connection timeout.
TCP connection timeout.
TCP connection timeout.
TCP connection timeout.
TCP connection timeout.
TCP connection timeout.
TCP connection timeout.
TCP connection timeout.
TCP connection timeout.
TCP connection timeout.
TCP connection timeout.
TCP connection timeout.
TCP connection timeout.
TCP connection timeout.
TCP connection timeout.
TCP connection timeout.
TCP connection timeout.
TCP connection timeout.
TCP connection timeout.
TCP connection timeout.
TCP connection timeout.
TCP connection timeout.
Remote socket: The remote host closed the connection
TCP connection timeout.
TCP connection timeout.
TCP connection timeout.
TCP connection timeout.
TCP connection timeout.
TCP connection timeout.
TCP connection timeout.
TCP connection timeout.
TCP connection timeout.
TCP connection timeout.
TCP connection timeout.
TCP connection timeout.
TCP connection timeout.
TCP connection timeout.
TCP connection timeout.
TCP connection timeout.
TCP connection timeout.
TCP connection timeout.
TCP connection timeout.
Connecting mtalk.google.com:5228 from 127.0.0.1:43292
Connecting clientservices.googleapis.com:443 from 127.0.0.1:43296
TCP connection timeout.
TCP connection timeout.
TCP connection timeout.
TCP connection timeout.
TCP connection timeout.
TCP connection timeout.
TCP connection timeout.
TCP connection timeout.
TCP connection timeout.
TCP connection timeout.
TCP connection timeout.
TCP connection timeout.
TCP connection timeout.
TCP connection timeout.
TCP connection timeout.
TCP connection timeout.
TCP connection timeout.
TCP connection timeout.
TCP connection timeout.
TCP connection timeout.
TCP connection timeout.
TCP connection timeout.
TCP connection timeout.
TCP connection timeout.
TCP connection timeout.
TCP connection timeout.
TCP connection timeout.
TCP connection timeout.
TCP connection timeout.
TCP connection timeout.
TCP connection timeout.
TCP connection timeout.
TCP connection timeout.
TCP connection timeout.
TCP connection timeout.
TCP connection timeout.
TCP connection timeout.
TCP connection timeout.
TCP connection timeout.
TCP connection timeout.
TCP connection timeout.
TCP connection timeout.
TCP connection timeout.
TCP connection timeout.
TCP connection timeout.
TCP connection timeout.
TCP connection timeout.
TCP connection timeout.
Connecting safebrowsing.googleapis.com:443 from 127.0.0.1:43300
TCP connection timeout.
TCP connection timeout.
TCP connection timeout.
TCP connection timeout.
TCP connection timeout.
TCP connection timeout.
TCP connection timeout.
TCP connection timeout.
TCP connection timeout.
TCP connection timeout.
TCP connection timeout.
Connecting scholar.google.com.hk:443 from 127.0.0.1:43304
Connecting www.google.com:443 from 127.0.0.1:43308
Connecting ssl.gstatic.com:443 from 127.0.0.1:43312
Connecting www.google.com:443 from 127.0.0.1:43314
Connecting lh3.googleusercontent.com:443 from 127.0.0.1:43318
Connecting www.gstatic.com:443 from 127.0.0.1:43324
Connecting id.google.com.hk:443 from 127.0.0.1:43328
Connecting scholar.google.com:443 from 127.0.0.1:43332
Connecting clients1.google.com:443 from 127.0.0.1:43336
Connecting id.google.com:443 from 127.0.0.1:43340
Connecting clients4.google.com:443 from 127.0.0.1:43344
TCP connection timeout.
TCP connection timeout.
Local socket: The remote host closed the connection
Local socket: The remote host closed the connection
Local socket: The remote host closed the connection
Connecting ssl.gstatic.com:443 from 127.0.0.1:43348
Connecting lh3.googleusercontent.com:443 from 127.0.0.1:43350
Connecting www.gstatic.com:443 from 127.0.0.1:43352
Connecting www.googleapis.com:443 from 127.0.0.1:43360
Connecting www.googleapis.com:443 from 127.0.0.1:43364
TCP connection timeout.
TCP connection timeout.
TCP connection timeout.
TCP connection timeout.
Remote socket: The remote host closed the connection
TCP connection timeout.
TCP connection timeout.
TCP connection timeout.
TCP connection timeout.
TCP connection timeout.
TCP connection timeout.
TCP connection timeout.
TCP connection timeout.
TCP connection timeout.
TCP connection timeout.
TCP connection timeout.
TCP connection timeout.
TCP connection timeout.
TCP connection timeout.
TCP connection timeout.
TCP connection timeout.
TCP connection timeout.
TCP connection timeout.
TCP connection timeout.
TCP connection timeout.
TCP connection timeout.
TCP connection timeout.
TCP connection timeout.
TCP connection timeout.
Local socket: The remote host closed the connection
Local socket: The remote host closed the connection
Local socket: The remote host closed the connection
Local socket: The remote host closed the connection
Local socket: The remote host closed the connection
Local socket: The remote host closed the connection
Local socket: The remote host closed the connection
Local socket: The remote host closed the connection
Local socket: The remote host closed the connection
Local socket: The remote host closed the connection
Local socket: The remote host closed the connection
Local socket: The remote host closed the connection
Local socket: The remote host closed the connection
Local socket: The remote host closed the connection
Local socket: The remote host closed the connection
TCP connection timeout.
Listen UDP socket state changed to QAbstractSocket::ClosingState
Listen UDP socket state changed to QAbstractSocket::UnconnectedState
Stopped.
